<?xml version="1.0" encoding="UTF-8"?>
<!-- Generated by org.testng.reporters.JUnitXMLReporter -->
<testsuite hostname="DESKTOP-R0E3FHG" ignored="0" name="Google testngTest" tests="3" failures="0" timestamp="01 May 2019 18:11:07 GMT" time="18.325" errors="0">
  <testcase name="googleLogoTest" time="0.054" classname="org.sel.test.GoogleTest"/>
  <testcase name="googleLogoTest" time="0.049" classname="org.sel.test.GoogleTest"/>
  <testcase name="GoogleLinkTest" time="0.032" classname="org.sel.test.InvocationCount"/>
</testsuite> <!-- Google testngTest -->
